  stm8l_discovery_lcd.c
d:\sxzg_iar\zg1001-a_v4-0\libraries\stm8l15x_stdperiph_driver\inc\stm8l15x.h(78): fatal error C1189: #error :  "Please select first the target STM8L device used in your application (in stm8l15x.h file)"
  stm8l15x_it.c
d:\sxzg_iar\zg1001-a_v4-0\libraries\stm8l15x_stdperiph_driver\inc\stm8l15x.h(78): fatal error C1189: #error :  "Please select first the target STM8L device used in your application (in stm8l15x.h file)"
  si4438driver.c
d:\sxzg_iar\zg1001-a_v4-0\libraries\stm8l15x_stdperiph_driver\inc\stm8l15x.h(78): fatal error C1189: #error :  "Please select first the target STM8L device used in your application (in stm8l15x.h file)"
  mcudriver.c
d:\sxzg_iar\zg1001-a_v4-0\libraries\stm8l15x_stdperiph_driver\inc\stm8l15x.h(78): fatal error C1189: #error :  "Please select first the target STM8L device used in your application (in stm8l15x.h file)"
  main.c
d:\sxzg_iar\zg1001-a_v4-0\main.c : warning C4819: 该文件包含不能在当前代码页(936)中表示的字符。请将该文件保存为 Unicode 格式以防止数据丢失
d:\sxzg_iar\zg1001-a_v4-0\libraries\stm8l15x_stdperiph_driver\inc\stm8l15x.h(78): fatal error C1189: #error :  "Please select first the target STM8L device used in your application (in stm8l15x.h file)"
  stm8l15x_wwdg.c
d:\sxzg_iar\zg1001-a_v4-0\libraries\stm8l15x_stdperiph_driver\inc\stm8l15x.h(78): fatal error C1189: #error :  "Please select first the target STM8L device used in your application (in stm8l15x.h file)"
  stm8l15x_wfe.c
d:\sxzg_iar\zg1001-a_v4-0\libraries\stm8l15x_stdperiph_driver\inc\stm8l15x.h(78): fatal error C1189: #error :  "Please select first the target STM8L device used in your application (in stm8l15x.h file)"
  stm8l15x_usart.c
d:\sxzg_iar\zg1001-a_v4-0\libraries\stm8l15x_stdperiph_driver\inc\stm8l15x.h(78): fatal error C1189: #error :  "Please select first the target STM8L device used in your application (in stm8l15x.h file)"
  stm8l15x_tim5.c
d:\sxzg_iar\zg1001-a_v4-0\libraries\stm8l15x_stdperiph_driver\inc\stm8l15x.h(78): fatal error C1189: #error :  "Please select first the target STM8L device used in your application (in stm8l15x.h file)"
  stm8l15x_tim4.c
d:\sxzg_iar\zg1001-a_v4-0\libraries\stm8l15x_stdperiph_driver\src\stm8l15x_tim4.c : warning C4819: 该文件包含不能在当前代码页(936)中表示的字符。请将该文件保存为 Unicode 格式以防止数据丢失
d:\sxzg_iar\zg1001-a_v4-0\libraries\stm8l15x_stdperiph_driver\inc\stm8l15x.h(78): fatal error C1189: #error :  "Please select first the target STM8L device used in your application (in stm8l15x.h file)"
  stm8l15x_tim3.c
d:\sxzg_iar\zg1001-a_v4-0\libraries\stm8l15x_stdperiph_driver\inc\stm8l15x.h(78): fatal error C1189: #error :  "Please select first the target STM8L device used in your application (in stm8l15x.h file)"
  stm8l15x_tim2.c
d:\sxzg_iar\zg1001-a_v4-0\libraries\stm8l15x_stdperiph_driver\inc\stm8l15x.h(78): fatal error C1189: #error :  "Please select first the target STM8L device used in your application (in stm8l15x.h file)"
  stm8l15x_tim1.c
d:\sxzg_iar\zg1001-a_v4-0\libraries\stm8l15x_stdperiph_driver\inc\stm8l15x.h(78): fatal error C1189: #error :  "Please select first the target STM8L device used in your application (in stm8l15x.h file)"
  stm8l15x_syscfg.c
d:\sxzg_iar\zg1001-a_v4-0\libraries\stm8l15x_stdperiph_driver\inc\stm8l15x.h(78): fatal error C1189: #error :  "Please select first the target STM8L device used in your application (in stm8l15x.h file)"
  stm8l15x_spi.c
d:\sxzg_iar\zg1001-a_v4-0\libraries\stm8l15x_stdperiph_driver\inc\stm8l15x.h(78): fatal error C1189: #error :  "Please select first the target STM8L device used in your application (in stm8l15x.h file)"
  stm8l15x_rtc.c
d:\sxzg_iar\zg1001-a_v4-0\libraries\stm8l15x_stdperiph_driver\inc\stm8l15x.h(78): fatal error C1189: #error :  "Please select first the target STM8L device used in your application (in stm8l15x.h file)"
  stm8l15x_rst.c
d:\sxzg_iar\zg1001-a_v4-0\libraries\stm8l15x_stdperiph_driver\src\stm8l15x_rst.c : warning C4819: 该文件包含不能在当前代码页(936)中表示的字符。请将该文件保存为 Unicode 格式以防止数据丢失
d:\sxzg_iar\zg1001-a_v4-0\libraries\stm8l15x_stdperiph_driver\inc\stm8l15x.h(78): fatal error C1189: #error :  "Please select first the target STM8L device used in your application (in stm8l15x.h file)"
  stm8l15x_pwr.c
d:\sxzg_iar\zg1001-a_v4-0\libraries\stm8l15x_stdperiph_driver\inc\stm8l15x.h(78): fatal error C1189: #error :  "Please select first the target STM8L device used in your application (in stm8l15x.h file)"
  stm8l15x_lcd.c
d:\sxzg_iar\zg1001-a_v4-0\libraries\stm8l15x_stdperiph_driver\inc\stm8l15x.h(78): fatal error C1189: #error :  "Please select first the target STM8L device used in your application (in stm8l15x.h file)"
  stm8l15x_iwdg.c
d:\sxzg_iar\zg1001-a_v4-0\libraries\stm8l15x_stdperiph_driver\inc\stm8l15x.h(78): fatal error C1189: #error :  "Please select first the target STM8L device used in your application (in stm8l15x.h file)"
  正在生成代码...
  正在编译...
  stm8l15x_itc.c
d:\sxzg_iar\zg1001-a_v4-0\libraries\stm8l15x_stdperiph_driver\inc\stm8l15x.h(78): fatal error C1189: #error :  "Please select first the target STM8L device used in your application (in stm8l15x.h file)"
  stm8l15x_irtim.c
d:\sxzg_iar\zg1001-a_v4-0\libraries\stm8l15x_stdperiph_driver\inc\stm8l15x.h(78): fatal error C1189: #error :  "Please select first the target STM8L device used in your application (in stm8l15x.h file)"
  stm8l15x_i2c.c
d:\sxzg_iar\zg1001-a_v4-0\libraries\stm8l15x_stdperiph_driver\inc\stm8l15x.h(78): fatal error C1189: #error :  "Please select first the target STM8L device used in your application (in stm8l15x.h file)"
  stm8l15x_gpio.c
d:\sxzg_iar\zg1001-a_v4-0\libraries\stm8l15x_stdperiph_driver\inc\stm8l15x.h(78): fatal error C1189: #error :  "Please select first the target STM8L device used in your application (in stm8l15x.h file)"
  stm8l15x_flash.c
d:\sxzg_iar\zg1001-a_v4-0\libraries\stm8l15x_stdperiph_driver\src\stm8l15x_flash.c : warning C4819: 该文件包含不能在当前代码页(936)中表示的字符。请将该文件保存为 Unicode 格式以防止数据丢失
d:\sxzg_iar\zg1001-a_v4-0\libraries\stm8l15x_stdperiph_driver\inc\stm8l15x.h(78): fatal error C1189: #error :  "Please select first the target STM8L device used in your application (in stm8l15x.h file)"
  stm8l15x_exti.c
d:\sxzg_iar\zg1001-a_v4-0\libraries\stm8l15x_stdperiph_driver\inc\stm8l15x.h(78): fatal error C1189: #error :  "Please select first the target STM8L device used in your application (in stm8l15x.h file)"
  stm8l15x_dma.c
d:\sxzg_iar\zg1001-a_v4-0\libraries\stm8l15x_stdperiph_driver\inc\stm8l15x.h(78): fatal error C1189: #error :  "Please select first the target STM8L device used in your application (in stm8l15x.h file)"
  stm8l15x_dac.c
d:\sxzg_iar\zg1001-a_v4-0\libraries\stm8l15x_stdperiph_driver\inc\stm8l15x.h(78): fatal error C1189: #error :  "Please select first the target STM8L device used in your application (in stm8l15x.h file)"
  stm8l15x_comp.c
d:\sxzg_iar\zg1001-a_v4-0\libraries\stm8l15x_stdperiph_driver\inc\stm8l15x.h(78): fatal error C1189: #error :  "Please select first the target STM8L device used in your application (in stm8l15x.h file)"
  stm8l15x_clk.c
d:\sxzg_iar\zg1001-a_v4-0\libraries\stm8l15x_stdperiph_driver\inc\stm8l15x.h(78): fatal error C1189: #error :  "Please select first the target STM8L device used in your application (in stm8l15x.h file)"
  stm8l15x_beep.c
d:\sxzg_iar\zg1001-a_v4-0\libraries\stm8l15x_stdperiph_driver\inc\stm8l15x.h(78): fatal error C1189: #error :  "Please select first the target STM8L device used in your application (in stm8l15x.h file)"
  stm8l15x_aes.c
d:\sxzg_iar\zg1001-a_v4-0\libraries\stm8l15x_stdperiph_driver\inc\stm8l15x.h(78): fatal error C1189: #error :  "Please select first the target STM8L device used in your application (in stm8l15x.h file)"
  stm8l15x_adc.c
d:\sxzg_iar\zg1001-a_v4-0\libraries\stm8l15x_stdperiph_driver\inc\stm8l15x.h(78): fatal error C1189: #error :  "Please select first the target STM8L device used in your application (in stm8l15x.h file)"
  delay.c
d:\sxzg_iar\zg1001-a_v4-0\libraries\stm8l15x_stdperiph_driver\inc\stm8l15x.h(78): fatal error C1189: #error :  "Please select first the target STM8L device used in your application (in stm8l15x.h file)"
  正在生成代码...
